<?xml version="1.0" encoding="UTF-8"?>
<!-- Generated by org.testng.reporters.JUnitXMLReporter -->
<testsuite hostname="DESKTOP-S21HA16" ignored="0" name="weightwatchers " tests="2" failures="1" timestamp="19 Apr 2018 01:35:10 GMT" time="49.276" errors="0">
  <testcase name="testHomepageTitle" time="0.029" classname="com.sample.testproject.executor.WeightWatchersExecutor"/>
  <testcase name="testScheduleMeeting" time="10.091" classname="com.sample.testproject.executor.WeightWatchersExecutor">
    <failure type="java.lang.Exception" message="Weight Watchers Page : Title mismatch">
      <![CDATA[java.lang.Exception: Weight Watchers Page : Title mismatch
	at com.sample.testproject.action.WeightwatchersScenarioAction.scheduleMeeting(WeightwatchersScenarioAction.java:60)
	at com.sample.testproject.executor.WeightWatchersExecutor.testScheduleMeeting(WeightWatchersExecutor.java:41)
... Removed 25 stack frames]]>
    </failure>
  </testcase> <!-- testScheduleMeeting -->
</testsuite> <!-- weightwatchers  -->
