<?xml version="1.0" encoding="UTF-8"?>
<testng-results skipped="0" failed="1" ignored="0" total="2" passed="1">
  <reporter-output>
  </reporter-output>
  <suite name="testproject" duration-ms="49276" started-at="2018-04-19T01:34:21Z" finished-at="2018-04-19T01:35:10Z">
    <groups>
    </groups>
    <test name="weightwatchers " duration-ms="49276" started-at="2018-04-19T01:34:21Z" finished-at="2018-04-19T01:35:10Z">
      <class name="com.sample.testproject.executor.WeightWatchersExecutor">
        <test-method status="PASS" signature="setUp()[pri:0, instance:com.sample.testproject.executor.WeightWatchersExecutor@29774679]" name="setUp" is-config="true" duration-ms="13450" started-at="2018-04-18T21:34:21Z" finished-at="2018-04-18T21:34:34Z">
          <reporter-output>
          </reporter-output>
        </test-method> <!-- setUp -->
        <test-method status="PASS" signature="testHomepageTitle()[pri:0, instance:com.sample.testproject.executor.WeightWatchersExecutor@29774679]" name="testHomepageTitle" duration-ms="29" started-at="2018-04-18T21:34:34Z" finished-at="2018-04-18T21:34:34Z">
          <reporter-output>
          </reporter-output>
        </test-method> <!-- testHomepageTitle -->
        <test-method status="FAIL" signature="testScheduleMeeting()[pri:0, instance:com.sample.testproject.executor.WeightWatchersExecutor@29774679]" name="testScheduleMeeting" duration-ms="10091" started-at="2018-04-18T21:34:34Z" finished-at="2018-04-18T21:34:44Z">
          <exception class="java.lang.Exception">
            <message>
              <![CDATA[Weight Watchers Page : Title mismatch]]>
            </message>
            <full-stacktrace>
              <![CDATA[java.lang.Exception: Weight Watchers Page : Title mismatch
	at com.sample.testproject.action.WeightwatchersScenarioAction.scheduleMeeting(WeightwatchersScenarioAction.java:60)
	at com.sample.testproject.executor.WeightWatchersExecutor.testScheduleMeeting(WeightWatchersExecutor.java:41)
	at sun.reflect.NativeMethodAccessorImpl.invoke0(Native Method)
	at sun.reflect.NativeMethodAccessorImpl.invoke(NativeMethodAccessorImpl.java:62)
	at sun.reflect.DelegatingMethodAccessorImpl.invoke(DelegatingMethodAccessorImpl.java:43)
	at java.lang.reflect.Method.invoke(Method.java:498)
	at org.testng.internal.MethodInvocationHelper.invokeMethod(MethodInvocationHelper.java:108)
	at org.testng.internal.Invoker.invokeMethod(Invoker.java:661)
	at org.testng.internal.Invoker.invokeTestMethod(Invoker.java:869)
	at org.testng.internal.Invoker.invokeTestMethods(Invoker.java:1193)
	at org.testng.internal.TestMethodWorker.invokeTestMethods(TestMethodWorker.java:126)
	at org.testng.internal.TestMethodWorker.run(TestMethodWorker.java:109)
	at org.testng.TestRunner.privateRun(TestRunner.java:744)
	at org.testng.TestRunner.run(TestRunner.java:602)
	at org.testng.SuiteRunner.runTest(SuiteRunner.java:380)
	at org.testng.SuiteRunner.runSequentially(SuiteRunner.java:375)
	at org.testng.SuiteRunner.privateRun(SuiteRunner.java:340)
	at org.testng.SuiteRunner.run(SuiteRunner.java:289)
	at org.testng.SuiteRunnerWorker.runSuite(SuiteRunnerWorker.java:52)
	at org.testng.SuiteRunnerWorker.run(SuiteRunnerWorker.java:86)
	at org.testng.TestNG.runSuitesSequentially(TestNG.java:1301)
	at org.testng.TestNG.runSuitesLocally(TestNG.java:1226)
	at org.testng.TestNG.runSuites(TestNG.java:1144)
	at org.testng.TestNG.run(TestNG.java:1115)
	at org.testng.remote.AbstractRemoteTestNG.run(AbstractRemoteTestNG.java:132)
	at org.testng.remote.RemoteTestNG.initAndRun(RemoteTestNG.java:230)
	at org.testng.remote.RemoteTestNG.main(RemoteTestNG.java:76)
]]>
            </full-stacktrace>
          </exception> <!-- java.lang.Exception -->
          <reporter-output>
          </reporter-output>
        </test-method> <!-- testScheduleMeeting -->
        <test-method status="PASS" signature="closeBrowser()[pri:0, instance:com.sample.testproject.executor.WeightWatchersExecutor@29774679]" name="closeBrowser" is-config="true" duration-ms="25663" started-at="2018-04-18T21:34:44Z" finished-at="2018-04-18T21:35:10Z">
          <reporter-output>
          </reporter-output>
        </test-method> <!-- closeBrowser -->
      </class> <!-- com.sample.testproject.executor.WeightWatchersExecutor -->
    </test> <!-- weightwatchers  -->
  </suite> <!-- testproject -->
</testng-results>
